d:\trainee_program\baitapdequy\23520493_23521082_23521462_23521604_23521672_bt06\bai066\x64\debug\vc143.pdb
d:\trainee_program\baitapdequy\23520493_23521082_23521462_23521604_23521672_bt06\bai066\x64\debug\vc143.idb
d:\trainee_program\baitapdequy\23520493_23521082_23521462_23521604_23521672_bt06\bai066\x64\debug\bai066.obj
d:\trainee_program\baitapdequy\23520493_23521082_23521462_23521604_23521672_bt06\x64\debug\bai066.pdb
d:\trainee_program\baitapdequy\23520493_23521082_23521462_23521604_23521672_bt06\bai066\x64\debug\bai066.tlog\cl.command.1.tlog
d:\trainee_program\baitapdequy\23520493_23521082_23521462_23521604_23521672_bt06\bai066\x64\debug\bai066.tlog\cl.items.tlog
d:\trainee_program\baitapdequy\23520493_23521082_23521462_23521604_23521672_bt06\bai066\x64\debug\bai066.tlog\cl.read.1.tlog
d:\trainee_program\baitapdequy\23520493_23521082_23521462_23521604_23521672_bt06\bai066\x64\debug\bai066.tlog\cl.write.1.tlog
d:\trainee_program\baitapdequy\23520493_23521082_23521462_23521604_23521672_bt06\bai066\x64\debug\bai066.tlog\link.28752-cvtres.read.1.tlog
d:\trainee_program\baitapdequy\23520493_23521082_23521462_23521604_23521672_bt06\bai066\x64\debug\bai066.tlog\link.28752-cvtres.write.1.tlog
d:\trainee_program\baitapdequy\23520493_23521082_23521462_23521604_23521672_bt06\bai066\x64\debug\bai066.tlog\link.28752-rc.read.1.tlog
d:\trainee_program\baitapdequy\23520493_23521082_23521462_23521604_23521672_bt06\bai066\x64\debug\bai066.tlog\link.28752-rc.write.1.tlog
d:\trainee_program\baitapdequy\23520493_23521082_23521462_23521604_23521672_bt06\bai066\x64\debug\bai066.tlog\link.28752.read.1.tlog
d:\trainee_program\baitapdequy\23520493_23521082_23521462_23521604_23521672_bt06\bai066\x64\debug\bai066.tlog\link.28752.read.2.tlog
d:\trainee_program\baitapdequy\23520493_23521082_23521462_23521604_23521672_bt06\bai066\x64\debug\bai066.tlog\link.28752.read.3.tlog
d:\trainee_program\baitapdequy\23520493_23521082_23521462_23521604_23521672_bt06\bai066\x64\debug\bai066.tlog\link.28752.read.4.tlog
d:\trainee_program\baitapdequy\23520493_23521082_23521462_23521604_23521672_bt06\bai066\x64\debug\bai066.tlog\link.28752.write.1.tlog
d:\trainee_program\baitapdequy\23520493_23521082_23521462_23521604_23521672_bt06\bai066\x64\debug\bai066.tlog\link.command.1.tlog
d:\trainee_program\baitapdequy\23520493_23521082_23521462_23521604_23521672_bt06\bai066\x64\debug\bai066.tlog\link.read.1.tlog
d:\trainee_program\baitapdequy\23520493_23521082_23521462_23521604_23521672_bt06\bai066\x64\debug\bai066.tlog\link.write.1.tlog
