<<<<<<< HEAD
c:\users\quang\onedrive\documents\github\baitapdequy\23520493_23521082_23521462_23521604_23521672_bt06\bai017\x64\debug\vc143.pdb
c:\users\quang\onedrive\documents\github\baitapdequy\23520493_23521082_23521462_23521604_23521672_bt06\bai017\x64\debug\vc143.idb
c:\users\quang\onedrive\documents\github\baitapdequy\23520493_23521082_23521462_23521604_23521672_bt06\bai017\x64\debug\bai017.obj
c:\users\quang\onedrive\documents\github\baitapdequy\23520493_23521082_23521462_23521604_23521672_bt06\x64\debug\bai017.exe
c:\users\quang\onedrive\documents\github\baitapdequy\23520493_23521082_23521462_23521604_23521672_bt06\bai017\x64\debug\bai017.ilk
c:\users\quang\onedrive\documents\github\baitapdequy\23520493_23521082_23521462_23521604_23521672_bt06\x64\debug\bai017.pdb
d:\trainee_program\baitapdequy\23520493_23521082_23521462_23521604_23521672_bt06\bai017\x64\debug\bai017.obj
d:\trainee_program\baitapdequy\23520493_23521082_23521462_23521604_23521672_bt06\bai017\x64\debug\bai017.ilk
d:\trainee_program\baitapdequy\23520493_23521082_23521462_23521604_23521672_bt06\bai017\x64\debug\vc143.idb
d:\trainee_program\baitapdequy\23520493_23521082_23521462_23521604_23521672_bt06\bai017\x64\debug\vc143.pdb
d:\trainee_program\baitapdequy\23520493_23521082_23521462_23521604_23521672_bt06\x64\debug\bai017.pdb
d:\trainee_program\baitapdequy\23520493_23521082_23521462_23521604_23521672_bt06\x64\debug\bai017.exe
d:\trainee_program\baitapdequy\23520493_23521082_23521462_23521604_23521672_bt06\bai017\x64\debug\bai017.tlog\cl.command.1.tlog
d:\trainee_program\baitapdequy\23520493_23521082_23521462_23521604_23521672_bt06\bai017\x64\debug\bai017.tlog\cl.items.tlog
d:\trainee_program\baitapdequy\23520493_23521082_23521462_23521604_23521672_bt06\bai017\x64\debug\bai017.tlog\cl.read.1.tlog
d:\trainee_program\baitapdequy\23520493_23521082_23521462_23521604_23521672_bt06\bai017\x64\debug\bai017.tlog\cl.write.1.tlog
d:\trainee_program\baitapdequy\23520493_23521082_23521462_23521604_23521672_bt06\bai017\x64\debug\bai017.tlog\link.command.1.tlog
d:\trainee_program\baitapdequy\23520493_23521082_23521462_23521604_23521672_bt06\bai017\x64\debug\bai017.tlog\link.read.1.tlog
d:\trainee_program\baitapdequy\23520493_23521082_23521462_23521604_23521672_bt06\bai017\x64\debug\bai017.tlog\link.write.1.tlog
=======
c:\users\admin\documents\github\baitapdequy\23520493_23521082_23521462_23521604_23521672_bt06\bai017\x64\debug\vc143.pdb
c:\users\admin\documents\github\baitapdequy\23520493_23521082_23521462_23521604_23521672_bt06\bai017\x64\debug\vc143.idb
c:\users\admin\documents\github\baitapdequy\23520493_23521082_23521462_23521604_23521672_bt06\bai017\x64\debug\bai017.obj
c:\users\admin\documents\github\baitapdequy\23520493_23521082_23521462_23521604_23521672_bt06\bai017\x64\debug\bai017.ilk
c:\users\admin\documents\github\baitapdequy\23520493_23521082_23521462_23521604_23521672_bt06\x64\debug\bai017.exe
c:\users\admin\documents\github\baitapdequy\23520493_23521082_23521462_23521604_23521672_bt06\x64\debug\bai017.pdb
c:\users\admin\documents\github\baitapdequy\23520493_23521082_23521462_23521604_23521672_bt06\bai017\x64\debug\bai017.tlog\cl.command.1.tlog
c:\users\admin\documents\github\baitapdequy\23520493_23521082_23521462_23521604_23521672_bt06\bai017\x64\debug\bai017.tlog\cl.items.tlog
c:\users\admin\documents\github\baitapdequy\23520493_23521082_23521462_23521604_23521672_bt06\bai017\x64\debug\bai017.tlog\cl.read.1.tlog
c:\users\admin\documents\github\baitapdequy\23520493_23521082_23521462_23521604_23521672_bt06\bai017\x64\debug\bai017.tlog\cl.write.1.tlog
c:\users\admin\documents\github\baitapdequy\23520493_23521082_23521462_23521604_23521672_bt06\bai017\x64\debug\bai017.tlog\link.command.1.tlog
c:\users\admin\documents\github\baitapdequy\23520493_23521082_23521462_23521604_23521672_bt06\bai017\x64\debug\bai017.tlog\link.read.1.tlog
c:\users\admin\documents\github\baitapdequy\23520493_23521082_23521462_23521604_23521672_bt06\bai017\x64\debug\bai017.tlog\link.write.1.tlog
>>>>>>> 8667348857e1b43056f023a5569f88e157d55123
